[0.561s] Invoking command in '/home/jay/ros2_ws/src/my_py_pkg': DEBUGINFOD_URLS=https://debuginfod.ubuntu.com PYTHONPATH=/home/jay/ros2_ws/build/my_py_pkg/prefix_override:/usr/lib/python3/dist-packages/colcon_core/task/python/colcon_distutils_commands:/home/jay/ros2_ws/install/my_py_pkg/lib/python3.12/site-packages:${PYTHONPATH} /usr/bin/python3 -W ignore:setup.py install is deprecated -W ignore:easy_install command is deprecated setup.py egg_info --egg-base ../../build/my_py_pkg build --build-base /home/jay/ros2_ws/build/my_py_pkg/build install --record /home/jay/ros2_ws/build/my_py_pkg/install.log --install-scripts $base/lib/my_py_pkg --single-version-externally-managed install_data
[0.735s] running egg_info
[0.748s] writing ../../build/my_py_pkg/my_py_pkg.egg-info/PKG-INFO
[0.748s] writing dependency_links to ../../build/my_py_pkg/my_py_pkg.egg-info/dependency_links.txt
[0.749s] writing entry points to ../../build/my_py_pkg/my_py_pkg.egg-info/entry_points.txt
[0.749s] writing requirements to ../../build/my_py_pkg/my_py_pkg.egg-info/requires.txt
[0.749s] writing top-level names to ../../build/my_py_pkg/my_py_pkg.egg-info/top_level.txt
[0.773s] reading manifest file '../../build/my_py_pkg/my_py_pkg.egg-info/SOURCES.txt'
[0.774s] writing manifest file '../../build/my_py_pkg/my_py_pkg.egg-info/SOURCES.txt'
[0.774s] running build
[0.774s] running build_py
[0.774s] copying my_py_pkg/my_first_node.py -> /home/jay/ros2_ws/build/my_py_pkg/build/lib/my_py_pkg
[0.775s] running install
[0.779s] running install_lib
[0.792s] copying /home/jay/ros2_ws/build/my_py_pkg/build/lib/my_py_pkg/my_first_node.py -> /home/jay/ros2_ws/install/my_py_pkg/lib/python3.12/site-packages/my_py_pkg
[0.792s] byte-compiling /home/jay/ros2_ws/install/my_py_pkg/lib/python3.12/site-packages/my_py_pkg/my_first_node.py to my_first_node.cpython-312.pyc
[0.792s] running install_data
[0.792s] running install_egg_info
[0.804s] removing '/home/jay/ros2_ws/install/my_py_pkg/lib/python3.12/site-packages/my_py_pkg-0.0.0-py3.12.egg-info' (and everything under it)
[0.805s] Copying ../../build/my_py_pkg/my_py_pkg.egg-info to /home/jay/ros2_ws/install/my_py_pkg/lib/python3.12/site-packages/my_py_pkg-0.0.0-py3.12.egg-info
[0.805s] running install_scripts
[0.894s] Installing py_node script to /home/jay/ros2_ws/install/my_py_pkg/lib/my_py_pkg
[0.895s] writing list of installed files to '/home/jay/ros2_ws/build/my_py_pkg/install.log'
[0.923s] Invoked command in '/home/jay/ros2_ws/src/my_py_pkg' returned '0': DEBUGINFOD_URLS=https://debuginfod.ubuntu.com PYTHONPATH=/home/jay/ros2_ws/build/my_py_pkg/prefix_override:/usr/lib/python3/dist-packages/colcon_core/task/python/colcon_distutils_commands:/home/jay/ros2_ws/install/my_py_pkg/lib/python3.12/site-packages:${PYTHONPATH} /usr/bin/python3 -W ignore:setup.py install is deprecated -W ignore:easy_install command is deprecated setup.py egg_info --egg-base ../../build/my_py_pkg build --build-base /home/jay/ros2_ws/build/my_py_pkg/build install --record /home/jay/ros2_ws/build/my_py_pkg/install.log --install-scripts $base/lib/my_py_pkg --single-version-externally-managed install_data
