[3.452s] Invoking command in '/home/jay/ros2_ws/build/my_py_pkg': DEBUGINFOD_URLS=https://debuginfod.ubuntu.com PYTHONPATH=/home/jay/ros2_ws/build/my_py_pkg/prefix_override:/usr/lib/python3/dist-packages/colcon_core/task/python/colcon_distutils_commands:/home/jay/ros2_ws/install/my_py_pkg/lib/python3.12/site-packages:${PYTHONPATH} /usr/bin/python3 -W ignore:setup.py install is deprecated -W ignore:easy_install command is deprecated setup.py develop --editable --build-directory /home/jay/ros2_ws/build/my_py_pkg/build --no-deps symlink_data --force
[4.257s] running develop
[4.849s] running egg_info
[4.892s] writing my_py_pkg.egg-info/PKG-INFO
[4.893s] writing dependency_links to my_py_pkg.egg-info/dependency_links.txt
[4.894s] writing entry points to my_py_pkg.egg-info/entry_points.txt
[4.897s] writing requirements to my_py_pkg.egg-info/requires.txt
[4.900s] writing top-level names to my_py_pkg.egg-info/top_level.txt
[4.992s] reading manifest file 'my_py_pkg.egg-info/SOURCES.txt'
[4.995s] writing manifest file 'my_py_pkg.egg-info/SOURCES.txt'
[5.047s] running build_ext
[5.047s] Creating /home/jay/ros2_ws/install/my_py_pkg/lib/python3.12/site-packages/my-py-pkg.egg-link (link to .)
[5.049s] Installing py_node script to /home/jay/ros2_ws/install/my_py_pkg/lib/my_py_pkg
[5.052s] Installing robot_news_station script to /home/jay/ros2_ws/install/my_py_pkg/lib/my_py_pkg
[5.053s] 
[5.054s] Installed /home/jay/ros2_ws/build/my_py_pkg
[5.054s] running symlink_data
[5.056s] symbolically linking /home/jay/ros2_ws/build/my_py_pkg/resource/my_py_pkg -> /home/jay/ros2_ws/install/my_py_pkg/share/ament_index/resource_index/packages
[5.056s] symbolically linking /home/jay/ros2_ws/build/my_py_pkg/package.xml -> /home/jay/ros2_ws/install/my_py_pkg/share/my_py_pkg
[5.105s] Invoked command in '/home/jay/ros2_ws/build/my_py_pkg' returned '0': DEBUGINFOD_URLS=https://debuginfod.ubuntu.com PYTHONPATH=/home/jay/ros2_ws/build/my_py_pkg/prefix_override:/usr/lib/python3/dist-packages/colcon_core/task/python/colcon_distutils_commands:/home/jay/ros2_ws/install/my_py_pkg/lib/python3.12/site-packages:${PYTHONPATH} /usr/bin/python3 -W ignore:setup.py install is deprecated -W ignore:easy_install command is deprecated setup.py develop --editable --build-directory /home/jay/ros2_ws/build/my_py_pkg/build --no-deps symlink_data --force
