[0.039s] Invoking command in '/home/jay/ros2_ws/build/my_cpp_pkg': CMAKE_PREFIX_PATH=${CMAKE_PREFIX_PATH}:/home/jay/ros2_ws/install/my_py_pkg:/opt/ros/jazzy DEBUGINFOD_URLS=https://debuginfod.ubuntu.com /usr/bin/cmake /home/jay/ros2_ws/src/my_cpp_pkg -DCMAKE_INSTALL_PREFIX=/home/jay/ros2_ws/install/my_cpp_pkg
[0.093s] -- Found ament_cmake: 2.5.6 (/opt/ros/jazzy/share/ament_cmake/cmake)
[0.642s] -- Override CMake install command with custom implementation using symlinks instead of copying resources
[0.672s] -- Found rclcpp: 28.1.21 (/opt/ros/jazzy/share/rclcpp/cmake)
[0.733s] -- Found rosidl_generator_c: 4.6.9 (/opt/ros/jazzy/share/rosidl_generator_c/cmake)
[0.759s] -- Found rosidl_generator_cpp: 4.6.9 (/opt/ros/jazzy/share/rosidl_generator_cpp/cmake)
[0.784s] -- Using all available rosidl_typesupport_c: rosidl_typesupport_fastrtps_c;rosidl_typesupport_introspection_c
[0.820s] -- Using all available rosidl_typesupport_cpp: rosidl_typesupport_fastrtps_cpp;rosidl_typesupport_introspection_cpp
[0.982s] -- Found rmw_implementation_cmake: 7.3.3 (/opt/ros/jazzy/share/rmw_implementation_cmake/cmake)
[0.990s] -- Found rmw_fastrtps_cpp: 8.4.4 (/opt/ros/jazzy/share/rmw_fastrtps_cpp/cmake)
[1.168s] -- Using RMW implementation 'rmw_fastrtps_cpp' as default
[1.285s] -- Found example_interfaces: 0.12.1 (/opt/ros/jazzy/share/example_interfaces/cmake)
[1.374s] -- Found ament_lint_auto: 0.17.5 (/opt/ros/jazzy/share/ament_lint_auto/cmake)
[1.654s] -- Added test 'cppcheck' to perform static code analysis on C / C++ code
[1.654s] -- Configured cppcheck include dirs: 
[1.655s] -- Configured cppcheck exclude dirs and/or files: 
[1.660s] -- Added test 'flake8' to check Python code syntax and style conventions
[1.661s] -- Configured 'flake8' exclude dirs and/or files: 
[1.665s] -- Added test 'lint_cmake' to check CMake code style
[1.669s] -- Added test 'pep257' to check Python code against some of the docstring style conventions in PEP 257
[1.688s] -- Added test 'uncrustify' to check C / C++ code style
[1.688s] -- Configured uncrustify additional arguments: 
[1.692s] -- Added test 'xmllint' to check XML markup files
[1.702s] -- Configuring done (1.6s)
[1.917s] -- Generating done (0.1s)
[1.980s] -- Build files have been written to: /home/jay/ros2_ws/build/my_cpp_pkg
[2.016s] Invoked command in '/home/jay/ros2_ws/build/my_cpp_pkg' returned '0': CMAKE_PREFIX_PATH=${CMAKE_PREFIX_PATH}:/home/jay/ros2_ws/install/my_py_pkg:/opt/ros/jazzy DEBUGINFOD_URLS=https://debuginfod.ubuntu.com /usr/bin/cmake /home/jay/ros2_ws/src/my_cpp_pkg -DCMAKE_INSTALL_PREFIX=/home/jay/ros2_ws/install/my_cpp_pkg
[2.017s] Invoking command in '/home/jay/ros2_ws/build/my_cpp_pkg': CMAKE_PREFIX_PATH=${CMAKE_PREFIX_PATH}:/home/jay/ros2_ws/install/my_py_pkg:/opt/ros/jazzy DEBUGINFOD_URLS=https://debuginfod.ubuntu.com /usr/bin/cmake --build /home/jay/ros2_ws/build/my_cpp_pkg -- -j4 -l4
[2.399s] [ 16%] [32mBuilding CXX object CMakeFiles/smartphone.dir/src/smartphone.cpp.o[0m
[2.411s] [ 33%] [32mBuilding CXX object CMakeFiles/robot_news_station.dir/src/robot_news_station.cpp.o[0m
[2.496s] [ 66%] Built target cpp_node
[13.509s] [ 83%] [32m[1mLinking CXX executable robot_news_station[0m
[14.468s] [ 83%] Built target robot_news_station
[18.215s] [100%] [32m[1mLinking CXX executable smartphone[0m
[19.423s] [100%] Built target smartphone
[19.485s] Invoked command in '/home/jay/ros2_ws/build/my_cpp_pkg' returned '0': CMAKE_PREFIX_PATH=${CMAKE_PREFIX_PATH}:/home/jay/ros2_ws/install/my_py_pkg:/opt/ros/jazzy DEBUGINFOD_URLS=https://debuginfod.ubuntu.com /usr/bin/cmake --build /home/jay/ros2_ws/build/my_cpp_pkg -- -j4 -l4
[19.530s] Invoking command in '/home/jay/ros2_ws/build/my_cpp_pkg': CMAKE_PREFIX_PATH=${CMAKE_PREFIX_PATH}:/home/jay/ros2_ws/install/my_py_pkg:/opt/ros/jazzy DEBUGINFOD_URLS=https://debuginfod.ubuntu.com /usr/bin/cmake --install /home/jay/ros2_ws/build/my_cpp_pkg
[19.571s] -- Install configuration: ""
[19.574s] -- Execute custom install script
[19.575s] -- Up-to-date symlink: /home/jay/ros2_ws/install/my_cpp_pkg/lib/my_cpp_pkg/cpp_node
[19.576s] -- Symlinking: /home/jay/ros2_ws/install/my_cpp_pkg/lib/my_cpp_pkg/robot_news_station
[19.633s] -- Symlinking: /home/jay/ros2_ws/install/my_cpp_pkg/lib/my_cpp_pkg/smartphone
[19.694s] -- Up-to-date symlink: /home/jay/ros2_ws/install/my_cpp_pkg/share/ament_index/resource_index/package_run_dependencies/my_cpp_pkg
[19.695s] -- Up-to-date symlink: /home/jay/ros2_ws/install/my_cpp_pkg/share/ament_index/resource_index/parent_prefix_path/my_cpp_pkg
[19.698s] -- Up-to-date symlink: /home/jay/ros2_ws/install/my_cpp_pkg/share/my_cpp_pkg/environment/ament_prefix_path.sh
[19.699s] -- Up-to-date symlink: /home/jay/ros2_ws/install/my_cpp_pkg/share/my_cpp_pkg/environment/ament_prefix_path.dsv
[19.700s] -- Up-to-date symlink: /home/jay/ros2_ws/install/my_cpp_pkg/share/my_cpp_pkg/environment/path.sh
[19.701s] -- Up-to-date symlink: /home/jay/ros2_ws/install/my_cpp_pkg/share/my_cpp_pkg/environment/path.dsv
[19.702s] -- Up-to-date symlink: /home/jay/ros2_ws/install/my_cpp_pkg/share/my_cpp_pkg/local_setup.bash
[19.704s] -- Up-to-date symlink: /home/jay/ros2_ws/install/my_cpp_pkg/share/my_cpp_pkg/local_setup.sh
[19.706s] -- Up-to-date symlink: /home/jay/ros2_ws/install/my_cpp_pkg/share/my_cpp_pkg/local_setup.zsh
[19.706s] -- Up-to-date symlink: /home/jay/ros2_ws/install/my_cpp_pkg/share/my_cpp_pkg/local_setup.dsv
[19.708s] -- Symlinking: /home/jay/ros2_ws/install/my_cpp_pkg/share/my_cpp_pkg/package.dsv
[19.747s] -- Up-to-date symlink: /home/jay/ros2_ws/install/my_cpp_pkg/share/ament_index/resource_index/packages/my_cpp_pkg
[19.750s] -- Up-to-date symlink: /home/jay/ros2_ws/install/my_cpp_pkg/share/my_cpp_pkg/cmake/my_cpp_pkgConfig.cmake
[19.751s] -- Up-to-date symlink: /home/jay/ros2_ws/install/my_cpp_pkg/share/my_cpp_pkg/cmake/my_cpp_pkgConfig-version.cmake
[19.751s] -- Up-to-date symlink: /home/jay/ros2_ws/install/my_cpp_pkg/share/my_cpp_pkg/package.xml
[19.756s] Invoked command in '/home/jay/ros2_ws/build/my_cpp_pkg' returned '0': CMAKE_PREFIX_PATH=${CMAKE_PREFIX_PATH}:/home/jay/ros2_ws/install/my_py_pkg:/opt/ros/jazzy DEBUGINFOD_URLS=https://debuginfod.ubuntu.com /usr/bin/cmake --install /home/jay/ros2_ws/build/my_cpp_pkg
