[0.961s] Invoking command in '/home/jay/ros2_ws/src/my_py_pkg': DEBUGINFOD_URLS=https://debuginfod.ubuntu.com PYTHONPATH=/home/jay/ros2_ws/build/my_py_pkg/prefix_override:/usr/lib/python3/dist-packages/colcon_core/task/python/colcon_distutils_commands:/home/jay/ros2_ws/install/my_py_pkg/lib/python3.12/site-packages:${PYTHONPATH} /usr/bin/python3 -W ignore:setup.py install is deprecated -W ignore:easy_install command is deprecated setup.py egg_info --egg-base ../../build/my_py_pkg build --build-base /home/jay/ros2_ws/build/my_py_pkg/build install --record /home/jay/ros2_ws/build/my_py_pkg/install.log --install-scripts $base/lib/my_py_pkg --single-version-externally-managed install_data
[1.127s] running egg_info
[1.128s] creating ../../build/my_py_pkg/my_py_pkg.egg-info
[1.139s] writing ../../build/my_py_pkg/my_py_pkg.egg-info/PKG-INFO
[1.139s] writing dependency_links to ../../build/my_py_pkg/my_py_pkg.egg-info/dependency_links.txt
[1.139s] writing requirements to ../../build/my_py_pkg/my_py_pkg.egg-info/requires.txt
[1.140s] writing top-level names to ../../build/my_py_pkg/my_py_pkg.egg-info/top_level.txt
[1.140s] writing manifest file '../../build/my_py_pkg/my_py_pkg.egg-info/SOURCES.txt'
[1.162s] reading manifest file '../../build/my_py_pkg/my_py_pkg.egg-info/SOURCES.txt'
[1.162s] writing manifest file '../../build/my_py_pkg/my_py_pkg.egg-info/SOURCES.txt'
[1.162s] running build
[1.163s] running build_py
[1.163s] creating /home/jay/ros2_ws/build/my_py_pkg/build
[1.163s] creating /home/jay/ros2_ws/build/my_py_pkg/build/lib
[1.163s] creating /home/jay/ros2_ws/build/my_py_pkg/build/lib/my_py_pkg
[1.163s] copying my_py_pkg/__init__.py -> /home/jay/ros2_ws/build/my_py_pkg/build/lib/my_py_pkg
[1.163s] running install
[1.167s] running install_lib
[1.179s] creating /home/jay/ros2_ws/install/my_py_pkg/lib/python3.12/site-packages/my_py_pkg
[1.179s] copying /home/jay/ros2_ws/build/my_py_pkg/build/lib/my_py_pkg/__init__.py -> /home/jay/ros2_ws/install/my_py_pkg/lib/python3.12/site-packages/my_py_pkg
[1.179s] byte-compiling /home/jay/ros2_ws/install/my_py_pkg/lib/python3.12/site-packages/my_py_pkg/__init__.py to __init__.cpython-312.pyc
[1.179s] running install_data
[1.179s] creating /home/jay/ros2_ws/install/my_py_pkg/share/ament_index
[1.179s] creating /home/jay/ros2_ws/install/my_py_pkg/share/ament_index/resource_index
[1.179s] creating /home/jay/ros2_ws/install/my_py_pkg/share/ament_index/resource_index/packages
[1.180s] copying resource/my_py_pkg -> /home/jay/ros2_ws/install/my_py_pkg/share/ament_index/resource_index/packages
[1.180s] copying package.xml -> /home/jay/ros2_ws/install/my_py_pkg/share/my_py_pkg
[1.180s] running install_egg_info
[1.191s] Copying ../../build/my_py_pkg/my_py_pkg.egg-info to /home/jay/ros2_ws/install/my_py_pkg/lib/python3.12/site-packages/my_py_pkg-0.0.0-py3.12.egg-info
[1.193s] running install_scripts
[1.276s] writing list of installed files to '/home/jay/ros2_ws/build/my_py_pkg/install.log'
[1.295s] Invoked command in '/home/jay/ros2_ws/src/my_py_pkg' returned '0': DEBUGINFOD_URLS=https://debuginfod.ubuntu.com PYTHONPATH=/home/jay/ros2_ws/build/my_py_pkg/prefix_override:/usr/lib/python3/dist-packages/colcon_core/task/python/colcon_distutils_commands:/home/jay/ros2_ws/install/my_py_pkg/lib/python3.12/site-packages:${PYTHONPATH} /usr/bin/python3 -W ignore:setup.py install is deprecated -W ignore:easy_install command is deprecated setup.py egg_info --egg-base ../../build/my_py_pkg build --build-base /home/jay/ros2_ws/build/my_py_pkg/build install --record /home/jay/ros2_ws/build/my_py_pkg/install.log --install-scripts $base/lib/my_py_pkg --single-version-externally-managed install_data
